<?xml version="1.0" encoding="UTF-8"?>
<testng-results skipped="0" failed="0" ignored="0" total="1" passed="1">
  <reporter-output>
  </reporter-output>
  <suite name="Default suite" duration-ms="14080" started-at="2020-07-10T20:38:19 BST" finished-at="2020-07-10T20:38:33 BST">
    <groups>
    </groups>
    <test name="Default test" duration-ms="14080" started-at="2020-07-10T20:38:19 BST" finished-at="2020-07-10T20:38:33 BST">
      <class name="tests.TestBase">
        <test-method status="PASS" signature="ExecuteHomePage()[pri:0, instance:tests.TestBase@6025e1b6]" name="ExecuteHomePage" duration-ms="13989" started-at="2020-07-10T20:38:19 BST" finished-at="2020-07-10T20:38:33 BST">
          <reporter-output>
          </reporter-output>
        </test-method> <!-- ExecuteHomePage -->
      </class> <!-- tests.TestBase -->
    </test> <!-- Default test -->
  </suite> <!-- Default suite -->
</testng-results>
